This is pdfTeX, Version 3.14159265-2.6-1.40.16 (TeX Live 2015/Debian) (preloaded format=pdflatex 2018.11.6)  7 NOV 2018 10:04
entering extended mode
 restricted \write18 enabled.
 %&-line parsing enabled.
**new_frac_rtd.tex
(./new_frac_rtd.tex
LaTeX2e <2016/02/01>
Babel <3.9q> and hyphenation patterns for 81 language(s) loaded.
(/usr/share/texlive/texmf-dist/tex/latex/base/article.cls
Document Class: article 2014/09/29 v1.4h Standard LaTeX document class
(/usr/share/texlive/texmf-dist/tex/latex/base/size12.clo
File: size12.clo 2014/09/29 v1.4h Standard LaTeX file (size option)
)
\c@part=\count79
\c@section=\count80
\c@subsection=\count81
\c@subsubsection=\count82
\c@paragraph=\count83
\c@subparagraph=\count84
\c@figure=\count85
\c@table=\count86
\abovecaptionskip=\skip41
\belowcaptionskip=\skip42
\bibindent=\dimen102
)
(/usr/share/texlive/texmf-dist/tex/latex/datetime/datetime.sty
Package: datetime 2015/03/20 v2.60 Date Time Package

(/usr/share/texlive/texmf-dist/tex/latex/etoolbox/etoolbox.sty
Package: etoolbox 2015/08/02 v2.2a e-TeX tools for LaTeX (JAW)
\etb@tempcnta=\count87
)
(/usr/share/texlive/texmf-dist/tex/latex/fmtcount/fmtcount.sty
Package: fmtcount 2015/05/05 v3.01

(/usr/share/texlive/texmf-dist/tex/latex/base/ifthen.sty
Package: ifthen 2014/09/29 v1.1c Standard LaTeX ifthen package (DPC)
)
(/usr/share/texlive/texmf-dist/tex/latex/xkeyval/xkeyval.sty
Package: xkeyval 2014/12/03 v2.7a package option processing (HA)

(/usr/share/texlive/texmf-dist/tex/generic/xkeyval/xkeyval.tex
(/usr/share/texlive/texmf-dist/tex/generic/xkeyval/xkvutils.tex
\XKV@toks=\toks14
\XKV@tempa@toks=\toks15

(/usr/share/texlive/texmf-dist/tex/generic/xkeyval/keyval.tex))
\XKV@depth=\count88
File: xkeyval.tex 2014/12/03 v2.7a key=value parser (HA)
))
(/usr/share/texlive/texmf-dist/tex/latex/fmtcount/fcprefix.sty
Package: fcprefix 2012/09/28

(/usr/share/texlive/texmf-dist/tex/latex/fmtcount/fcnumparser.sty
Package: fcnumparser 2012/09/28
\fc@digit@counter=\count89
))
(/usr/share/texlive/texmf-dist/tex/generic/ifxetex/ifxetex.sty
Package: ifxetex 2010/09/12 v0.6 Provides ifxetex conditional
)
(/usr/share/texlive/texmf-dist/tex/latex/amsmath/amsgen.sty
File: amsgen.sty 1999/11/30 v2.0 generic functions
\@emptytoks=\toks16
\ex@=\dimen103
)
\c@padzeroesN=\count90
\fc@tmpcatcode=\count91
\@DT@modctr=\count92
\@ordinalctr=\count93
\@orgargctr=\count94
\@strctr=\count95
\@tmpstrctr=\count96
\@DT@loopN=\count97
\@DT@X=\count98

(/usr/share/texlive/texmf-dist/tex/latex/fmtcount/fc-english.def
File: fc-english.def 2013/08/17
))
(/usr/share/texlive/texmf-dist/tex/latex/datetime/datetime-defaults.sty
Package: datetime-defaults 2013/09/10
)
\@day=\count99
\@month=\count100
\@year=\count101
\c@HOUR=\count102
\c@HOURXII=\count103
\c@MINUTE=\count104
\c@TOHOUR=\count105
\c@TOMINUTE=\count106
\c@SECOND=\count107
\currenthour=\count108
\currentminute=\count109
\currentsecond=\count110
Package datetime Info: No datetime.cfg file found, using default settings on in
put line 308.
\@dtctr=\count111
\dayofyear=\count112
\dayofweek=\count113
LaTeX Info: Redefining \today on input line 736.
\dt@a=\toks17
\dt@b=\toks18
)
(/usr/share/texlive/texmf-dist/tex/latex/graphics/graphicx.sty
Package: graphicx 2014/10/28 v1.0g Enhanced LaTeX Graphics (DPC,SPQR)

(/usr/share/texlive/texmf-dist/tex/latex/graphics/graphics.sty
Package: graphics 2016/01/03 v1.0q Standard LaTeX Graphics (DPC,SPQR)

(/usr/share/texlive/texmf-dist/tex/latex/graphics/trig.sty
Package: trig 2016/01/03 v1.10 sin cos tan (DPC)
)
(/usr/share/texlive/texmf-dist/tex/latex/latexconfig/graphics.cfg
File: graphics.cfg 2010/04/23 v1.9 graphics configuration of TeX Live
)
Package graphics Info: Driver file: pdftex.def on input line 95.

(/usr/share/texlive/texmf-dist/tex/latex/pdftex-def/pdftex.def
File: pdftex.def 2011/05/27 v0.06d Graphics/color for pdfTeX

(/usr/share/texlive/texmf-dist/tex/generic/oberdiek/infwarerr.sty
Package: infwarerr 2010/04/08 v1.3 Providing info/warning/error messages (HO)
)
(/usr/share/texlive/texmf-dist/tex/generic/oberdiek/ltxcmds.sty
Package: ltxcmds 2011/11/09 v1.22 LaTeX kernel commands for general use (HO)
)
\Gread@gobject=\count114
))
\Gin@req@height=\dimen104
\Gin@req@width=\dimen105
)
(./new_frac_rtd.aux)
\openout1 = `new_frac_rtd.aux'.

LaTeX Font Info:    Checking defaults for OML/cmm/m/it on input line 23.
LaTeX Font Info:    ... okay on input line 23.
LaTeX Font Info:    Checking defaults for T1/cmr/m/n on input line 23.
LaTeX Font Info:    ... okay on input line 23.
LaTeX Font Info:    Checking defaults for OT1/cmr/m/n on input line 23.
LaTeX Font Info:    ... okay on input line 23.
LaTeX Font Info:    Checking defaults for OMS/cmsy/m/n on input line 23.
LaTeX Font Info:    ... okay on input line 23.
LaTeX Font Info:    Checking defaults for OMX/cmex/m/n on input line 23.
LaTeX Font Info:    ... okay on input line 23.
LaTeX Font Info:    Checking defaults for U/cmr/m/n on input line 23.
LaTeX Font Info:    ... okay on input line 23.

(/usr/share/texlive/texmf-dist/tex/context/base/supp-pdf.mkii
[Loading MPS to PDF converter (version 2006.09.02).]
\scratchcounter=\count115
\scratchdimen=\dimen106
\scratchbox=\box26
\nofMPsegments=\count116
\nofMParguments=\count117
\everyMPshowfont=\toks19
\MPscratchCnt=\count118
\MPscratchDim=\dimen107
\MPnumerator=\count119
\makeMPintoPDFobject=\count120
\everyMPtoPDFconversion=\toks20
) (/usr/share/texlive/texmf-dist/tex/generic/oberdiek/pdftexcmds.sty
Package: pdftexcmds 2011/11/29 v0.20 Utility functions of pdfTeX for LuaTeX (HO
)

(/usr/share/texlive/texmf-dist/tex/generic/oberdiek/ifluatex.sty
Package: ifluatex 2010/03/01 v1.3 Provides the ifluatex switch (HO)
Package ifluatex Info: LuaTeX not detected.
)
(/usr/share/texlive/texmf-dist/tex/generic/oberdiek/ifpdf.sty
Package: ifpdf 2011/01/30 v2.3 Provides the ifpdf switch (HO)
Package ifpdf Info: pdfTeX in PDF mode is detected.
)
Package pdftexcmds Info: LuaTeX not detected.
Package pdftexcmds Info: \pdf@primitive is available.
Package pdftexcmds Info: \pdf@ifprimitive is available.
Package pdftexcmds Info: \pdfdraftmode found.
)
(/usr/share/texlive/texmf-dist/tex/latex/oberdiek/epstopdf-base.sty
Package: epstopdf-base 2010/02/09 v2.5 Base part for package epstopdf

(/usr/share/texlive/texmf-dist/tex/latex/oberdiek/grfext.sty
Package: grfext 2010/08/19 v1.1 Manage graphics extensions (HO)

(/usr/share/texlive/texmf-dist/tex/generic/oberdiek/kvdefinekeys.sty
Package: kvdefinekeys 2011/04/07 v1.3 Define keys (HO)
))
(/usr/share/texlive/texmf-dist/tex/latex/oberdiek/kvoptions.sty
Package: kvoptions 2011/06/30 v3.11 Key value format for package options (HO)

(/usr/share/texlive/texmf-dist/tex/generic/oberdiek/kvsetkeys.sty
Package: kvsetkeys 2012/04/25 v1.16 Key value parser (HO)

(/usr/share/texlive/texmf-dist/tex/generic/oberdiek/etexcmds.sty
Package: etexcmds 2011/02/16 v1.5 Avoid name clashes with e-TeX commands (HO)
Package etexcmds Info: Could not find \expanded.
(etexcmds)             That can mean that you are not using pdfTeX 1.50 or
(etexcmds)             that some package has redefined \expanded.
(etexcmds)             In the latter case, load this package earlier.
)))
Package grfext Info: Graphics extension search list:
(grfext)             [.pdf,.eps]
(grfext)             \AppendGraphicsExtensions on input line 452.

(/usr/share/texlive/texmf-dist/tex/latex/latexconfig/epstopdf-sys.cfg
File: epstopdf-sys.cfg 2010/07/13 v1.3 Configuration of (r)epstopdf for TeX Liv
e
))
(/usr/share/texlive/texmf-dist/tex/generic/epsf/epsf.tex
This is `epsf.tex' v2.7.4 <14 February 2011>
\epsffilein=\read1
\epsfframemargin=\dimen108
\epsfframethickness=\dimen109
\epsfrsize=\dimen110
\epsftmp=\dimen111
\epsftsize=\dimen112
\epsfxsize=\dimen113
\epsfysize=\dimen114
\pspoints=\dimen115
)
LaTeX Font Info:    External font `cmex10' loaded for size
(Font)              <14.4> on input line 27.
LaTeX Font Info:    External font `cmex10' loaded for size
(Font)              <7> on input line 27.
 [1

{/var/lib/texmf/fonts/map/pdftex/updmap/pdftex.map}]
<Pix/r-frac.pdf, id=12, 397.485pt x 396.48125pt>
File: Pix/r-frac.pdf Graphic file (type pdf)
 <use Pix/r-frac.pdf>
Package pdftex.def Info: Pix/r-frac.pdf used on input line 72.
(pdftex.def)             Requested size: 397.48402pt x 396.48027pt.
LaTeX Font Info:    External font `cmex10' loaded for size
(Font)              <12> on input line 76.
LaTeX Font Info:    External font `cmex10' loaded for size
(Font)              <8> on input line 76.
LaTeX Font Info:    External font `cmex10' loaded for size
(Font)              <6> on input line 76.
LaTeX Font Info:    External font `cmex10' loaded for size
(Font)              <5> on input line 100.
 [2 <./Pix/r-frac.pdf>] <Pix/hilbert.pdf, id=20, 517.935pt x 515.9275pt>
File: Pix/hilbert.pdf Graphic file (type pdf)

<use Pix/hilbert.pdf>
Package pdftex.def Info: Pix/hilbert.pdf used on input line 107.
(pdftex.def)             Requested size: 517.93372pt x 515.92624pt.
 <Pix/bendy.pdf, id=21, 321.2pt x 371.3875pt>
File: Pix/bendy.pdf Graphic file (type pdf)

<use Pix/bendy.pdf>
Package pdftex.def Info: Pix/bendy.pdf used on input line 108.
(pdftex.def)             Requested size: 321.19922pt x 371.38658pt.
 [3 <./Pix/hilbert.pdf> <./Pix/bendy.pdf>]
<Pix/new_f1.pdf, id=33, 513.92pt x 513.92pt>
File: Pix/new_f1.pdf Graphic file (type pdf)
 <use Pix/new_f1.pdf>
Package pdftex.def Info: Pix/new_f1.pdf used on input line 173.
(pdftex.def)             Requested size: 513.91873pt x 513.91873pt.


LaTeX Warning: `!h' float specifier changed to `!ht'.

<Pix/sequence1.pdf, id=34, 513.92pt x 513.92pt>
File: Pix/sequence1.pdf Graphic file (type pdf)
 <use Pix/sequence1.pdf>
Package pdftex.def Info: Pix/sequence1.pdf used on input line 186.
(pdftex.def)             Requested size: 513.91873pt x 513.91873pt.

<Pix/sequence2.pdf, id=35, 513.92pt x 513.92pt>
File: Pix/sequence2.pdf Graphic file (type pdf)
 <use Pix/sequence2.pdf>
Package pdftex.def Info: Pix/sequence2.pdf used on input line 187.
(pdftex.def)             Requested size: 513.91873pt x 513.91873pt.

<Pix/sequence3.pdf, id=36, 513.92pt x 513.92pt>
File: Pix/sequence3.pdf Graphic file (type pdf)
 <use Pix/sequence3.pdf>
Package pdftex.def Info: Pix/sequence3.pdf used on input line 188.
(pdftex.def)             Requested size: 513.91873pt x 513.91873pt.

<Pix/sequence4.pdf, id=37, 513.92pt x 513.92pt>
File: Pix/sequence4.pdf Graphic file (type pdf)
 <use Pix/sequence4.pdf>
Package pdftex.def Info: Pix/sequence4.pdf used on input line 189.
(pdftex.def)             Requested size: 513.91873pt x 513.91873pt.

<Pix/sequence5.pdf, id=38, 513.92pt x 513.92pt>
File: Pix/sequence5.pdf Graphic file (type pdf)
 <use Pix/sequence5.pdf>
Package pdftex.def Info: Pix/sequence5.pdf used on input line 190.
(pdftex.def)             Requested size: 513.91873pt x 513.91873pt.

<Pix/sequence6.pdf, id=39, 513.92pt x 513.92pt>
File: Pix/sequence6.pdf Graphic file (type pdf)
 <use Pix/sequence6.pdf>
Package pdftex.def Info: Pix/sequence6.pdf used on input line 191.
(pdftex.def)             Requested size: 513.91873pt x 513.91873pt.


LaTeX Warning: `!h' float specifier changed to `!ht'.

<Pix/new_f2.pdf, id=40, 513.92pt x 513.92pt>
File: Pix/new_f2.pdf Graphic file (type pdf)
 <use Pix/new_f2.pdf>
Package pdftex.def Info: Pix/new_f2.pdf used on input line 210.
(pdftex.def)             Requested size: 513.91873pt x 513.91873pt.
 [4]

LaTeX Warning: `!h' float specifier changed to `!ht'.

<Pix/new_f07a.pdf, id=44, 513.92pt x 513.92pt>
File: Pix/new_f07a.pdf Graphic file (type pdf)
 <use Pix/new_f07a.pdf>
Package pdftex.def Info: Pix/new_f07a.pdf used on input line 238.
(pdftex.def)             Requested size: 513.91873pt x 513.91873pt.

<Pix/new_f07b.pdf, id=45, 513.92pt x 513.92pt>
File: Pix/new_f07b.pdf Graphic file (type pdf)
 <use Pix/new_f07b.pdf>
Package pdftex.def Info: Pix/new_f07b.pdf used on input line 239.
(pdftex.def)             Requested size: 513.91873pt x 513.91873pt.


LaTeX Warning: `!h' float specifier changed to `!ht'.

[5 <./Pix/new_f1.pdf>] <Pix/triang0.pdf, id=52, 513.92pt x 513.92pt>
File: Pix/triang0.pdf Graphic file (type pdf)

<use Pix/triang0.pdf>
Package pdftex.def Info: Pix/triang0.pdf used on input line 270.
(pdftex.def)             Requested size: 513.91873pt x 513.91873pt.
 <Pix/triang1.pdf, id=53, 513.92pt x 513.92pt>
File: Pix/triang1.pdf Graphic file (type pdf)

<use Pix/triang1.pdf>
Package pdftex.def Info: Pix/triang1.pdf used on input line 271.
(pdftex.def)             Requested size: 513.91873pt x 513.91873pt.
 <Pix/triang2.pdf, id=54, 513.92pt x 513.92pt>
File: Pix/triang2.pdf Graphic file (type pdf)

<use Pix/triang2.pdf>
Package pdftex.def Info: Pix/triang2.pdf used on input line 272.
(pdftex.def)             Requested size: 513.91873pt x 513.91873pt.
 <Pix/triang3.pdf, id=55, 513.92pt x 513.92pt>
File: Pix/triang3.pdf Graphic file (type pdf)

<use Pix/triang3.pdf>
Package pdftex.def Info: Pix/triang3.pdf used on input line 273.
(pdftex.def)             Requested size: 513.91873pt x 513.91873pt.
 <Pix/triang4.pdf, id=56, 513.92pt x 513.92pt>
File: Pix/triang4.pdf Graphic file (type pdf)

<use Pix/triang4.pdf>
Package pdftex.def Info: Pix/triang4.pdf used on input line 274.
(pdftex.def)             Requested size: 513.91873pt x 513.91873pt.
 <Pix/triang10.pdf, id=57, 513.92pt x 513.92pt>
File: Pix/triang10.pdf Graphic file (type pdf)

<use Pix/triang10.pdf>
Package pdftex.def Info: Pix/triang10.pdf used on input line 275.
(pdftex.def)             Requested size: 513.91873pt x 513.91873pt.
 [6 <./Pix/sequence1.pdf> <./Pix/sequence2.pdf> <./Pix/sequence3.pdf> <./Pix/se
quence4.pdf> <./Pix/sequence5.pdf> <./Pix/sequence6.pdf>]

LaTeX Warning: `!h' float specifier changed to `!ht'.

[7 <./Pix/new_f2.pdf> <./Pix/new_f07a.pdf> <./Pix/new_f07b.pdf>] [8 <./Pix/tria
ng0.pdf> <./Pix/triang1.pdf> <./Pix/triang2.pdf> <./Pix/triang3.pdf> <./Pix/tri
ang4.pdf> <./Pix/triang10.pdf>]
<Pix/frac-dims.pdf, id=115, 507.8975pt x 350.30875pt>
File: Pix/frac-dims.pdf Graphic file (type pdf)
 <use Pix/frac-dims.pdf>
Package pdftex.def Info: Pix/frac-dims.pdf used on input line 313.
(pdftex.def)             Requested size: 507.89627pt x 350.30789pt.

[9 <./Pix/frac-dims.pdf>] <Pix/loop0.pdf, id=125, 513.92pt x 513.92pt>
File: Pix/loop0.pdf Graphic file (type pdf)

<use Pix/loop0.pdf>
Package pdftex.def Info: Pix/loop0.pdf used on input line 355.
(pdftex.def)             Requested size: 513.91873pt x 513.91873pt.
 <Pix/loop.pdf, id=126, 513.92pt x 513.92pt>
File: Pix/loop.pdf Graphic file (type pdf)

<use Pix/loop.pdf>
Package pdftex.def Info: Pix/loop.pdf used on input line 356.
(pdftex.def)             Requested size: 513.91873pt x 513.91873pt.
 <Pix/bnd.pdf, id=127, 513.92pt x 513.92pt>
File: Pix/bnd.pdf Graphic file (type pdf)

<use Pix/bnd.pdf>
Package pdftex.def Info: Pix/bnd.pdf used on input line 373.
(pdftex.def)             Requested size: 513.91873pt x 513.91873pt.


LaTeX Warning: `!h' float specifier changed to `!ht'.

<Pix/ccstart.pdf, id=128, 513.92pt x 513.92pt>
File: Pix/ccstart.pdf Graphic file (type pdf)
 <use Pix/ccstart.pdf>
Package pdftex.def Info: Pix/ccstart.pdf used on input line 385.
(pdftex.def)             Requested size: 513.91873pt x 513.91873pt.

<Pix/cc.pdf, id=129, 513.92pt x 513.92pt>
File: Pix/cc.pdf Graphic file (type pdf)
 <use Pix/cc.pdf>
Package pdftex.def Info: Pix/cc.pdf used on input line 386.
(pdftex.def)             Requested size: 513.91873pt x 513.91873pt.
 [10 <./Pix/loop0.pdf> <./Pix/loop.pdf>] [11 <./Pix/bnd.pdf> <./Pix/ccstart.pdf
> <./Pix/cc.pdf>]
[12]
Underfull \hbox (badness 3029) in paragraph at lines 475--478
[]\OT1/cmr/m/n/12 Free Soft-ware Foun-da-tion Inc. (59 Tem-ple Place - Suite 33
0,
 []


Underfull \hbox (badness 1152) in paragraph at lines 475--478
\OT1/cmr/m/n/12 Boston, MA 02111-1307, USA): \OT1/cmr/m/it/12 GNU Gen-eral Pub-
lic Li-cense \OT1/cmr/m/n/12 at
 []


Underfull \hbox (badness 2173) in paragraph at lines 479--482
[]\OT1/cmr/m/n/12 David Hilbert: []\OT1/cmr/m/it/12 Uber die stetige Ab-bil-dun
g einer Linie auf ein
 []

[13] [14] (./new_frac_rtd.aux) ) 
Here is how much of TeX's memory you used:
 2977 strings out of 493029
 42255 string characters out of 6136234
 118084 words of memory out of 5000000
 6449 multiletter control sequences out of 15000+600000
 10149 words of font info for 35 fonts, out of 8000000 for 9000
 1141 hyphenation exceptions out of 8191
 37i,8n,35p,1015b,298s stack positions out of 5000i,500n,10000p,200000b,80000s
</usr/share/texlive/texmf-dist/fonts/type1/publ
ic/amsfonts/cm/cmbx10.pfb></usr/share/texlive/texmf-dist/fonts/type1/public/ams
fonts/cm/cmbx12.pfb></usr/share/texlive/texmf-dist/fonts/type1/public/amsfonts/
cm/cmmi12.pfb></usr/share/texlive/texmf-dist/fonts/type1/public/amsfonts/cm/cmm
i6.pfb></usr/share/texlive/texmf-dist/fonts/type1/public/amsfonts/cm/cmmi8.pfb>
</usr/share/texlive/texmf-dist/fonts/type1/public/amsfonts/cm/cmr10.pfb></usr/s
hare/texlive/texmf-dist/fonts/type1/public/amsfonts/cm/cmr12.pfb></usr/share/te
xlive/texmf-dist/fonts/type1/public/amsfonts/cm/cmr17.pfb></usr/share/texlive/t
exmf-dist/fonts/type1/public/amsfonts/cm/cmr6.pfb></usr/share/texlive/texmf-dis
t/fonts/type1/public/amsfonts/cm/cmr7.pfb></usr/share/texlive/texmf-dist/fonts/
type1/public/amsfonts/cm/cmr8.pfb></usr/share/texlive/texmf-dist/fonts/type1/pu
blic/amsfonts/cm/cmsy10.pfb></usr/share/texlive/texmf-dist/fonts/type1/public/a
msfonts/cm/cmti10.pfb></usr/share/texlive/texmf-dist/fonts/type1/public/amsfont
s/cm/cmti12.pfb>
Output written on new_frac_rtd.pdf (14 pages, 895999 bytes).
PDF statistics:
 207 PDF objects out of 1000 (max. 8388607)
 125 compressed objects within 2 object streams
 0 named destinations out of 1000 (max. 500000)
 126 words of extra memory for PDF output out of 10000 (max. 10000000)

