This is pdfTeXk, Version 3.141592-1.40.3 (Web2C 7.5.6) (format=latex 2010.5.8)  17 SEP 2010 00:04
entering extended mode
 %&-line parsing enabled.
**new_frac
(./new_frac.tex
LaTeX2e <2005/12/01>
Babel <v3.8h> and hyphenation patterns for english, usenglishmax, dumylang, noh
yphenation, loaded.
(/usr/share/texmf-texlive/tex/latex/base/article.cls
Document Class: article 2005/09/16 v1.4f Standard LaTeX document class
(/usr/share/texmf-texlive/tex/latex/base/size12.clo
File: size12.clo 2005/09/16 v1.4f Standard LaTeX file (size option)
)
\c@part=\count79
\c@section=\count80
\c@subsection=\count81
\c@subsubsection=\count82
\c@paragraph=\count83
\c@subparagraph=\count84
\c@figure=\count85
\c@table=\count86
\abovecaptionskip=\skip41
\belowcaptionskip=\skip42
\bibindent=\dimen102
)
(/usr/share/texmf-texlive/tex/latex/graphics/graphics.sty
Package: graphics 2006/02/20 v1.0o Standard LaTeX Graphics (DPC,SPQR)

(/usr/share/texmf-texlive/tex/latex/graphics/trig.sty
Package: trig 1999/03/16 v1.09 sin cos tan (DPC)
)
(/etc/texmf/tex/latex/config/graphics.cfg
File: graphics.cfg 2007/01/18 v1.5 graphics configuration of teTeX/TeXLive
)
Package graphics Info: Driver file: dvips.def on input line 90.

(/usr/share/texmf-texlive/tex/latex/graphics/dvips.def
File: dvips.def 1999/02/16 v3.0i Driver-dependant file (DPC,SPQR)
)) (./new_frac.aux)
\openout1 = `new_frac.aux'.

LaTeX Font Info:    Checking defaults for OML/cmm/m/it on input line 18.
LaTeX Font Info:    ... okay on input line 18.
LaTeX Font Info:    Checking defaults for T1/cmr/m/n on input line 18.
LaTeX Font Info:    ... okay on input line 18.
LaTeX Font Info:    Checking defaults for OT1/cmr/m/n on input line 18.
LaTeX Font Info:    ... okay on input line 18.
LaTeX Font Info:    Checking defaults for OMS/cmsy/m/n on input line 18.
LaTeX Font Info:    ... okay on input line 18.
LaTeX Font Info:    Checking defaults for OMX/cmex/m/n on input line 18.
LaTeX Font Info:    ... okay on input line 18.
LaTeX Font Info:    Checking defaults for U/cmr/m/n on input line 18.
LaTeX Font Info:    ... okay on input line 18.


! LaTeX Error: File `epsf.tex' not found.

Type X to quit or <RETURN> to proceed,
or enter new name. (Default extension: tex)

Enter file name: 
! Interruption.
<to be read again> 
                   }
l.20 \input{epsf}
                 ^^M
? 
LaTeX Font Info:    External font `cmex10' loaded for size
(Font)              <14.4> on input line 22.
LaTeX Font Info:    External font `cmex10' loaded for size
(Font)              <7> on input line 22.
[1

]
File: Pix/r-frac.ps Graphic file (type eps)
 <Pix/r-frac.ps>
LaTeX Font Info:    External font `cmex10' loaded for size
(Font)              <12> on input line 72.
LaTeX Font Info:    External font `cmex10' loaded for size
(Font)              <8> on input line 72.
LaTeX Font Info:    External font `cmex10' loaded for size
(Font)              <6> on input line 72.
LaTeX Font Info:    External font `cmex10' loaded for size
(Font)              <5> on input line 96.
 [2]
File: Pix/hilbert.ps Graphic file (type eps)
 <Pix/hilbert.ps>
File: Pix/bendy.ps Graphic file (type eps)
 <Pix/bendy.ps> [3]
File: Pix/new_f1.ps Graphic file (type eps)
 <Pix/new_f1.ps>

LaTeX Warning: `!h' float specifier changed to `!ht'.

File: Pix/sequence1.ps Graphic file (type eps)
<Pix/sequence1.ps>
File: Pix/sequence2.ps Graphic file (type eps)
 <Pix/sequence2.ps>
File: Pix/sequence3.ps Graphic file (type eps)
 <Pix/sequence3.ps>
File: Pix/sequence4.ps Graphic file (type eps)
 <Pix/sequence4.ps>
File: Pix/sequence5.ps Graphic file (type eps)

<Pix/sequence5.ps>
File: Pix/sequence6.ps Graphic file (type eps)
 <Pix/sequence6.ps>

LaTeX Warning: `!h' float specifier changed to `!ht'.

File: Pix/new_f2.ps Graphic file (type eps)
<Pix/new_f2.ps> [4]

LaTeX Warning: `!h' float specifier changed to `!ht'.

[5]
File: Pix/new_f07a.ps Graphic file (type eps)
 <Pix/new_f07a.ps>
File: Pix/new_f07b.ps Graphic file (type eps)
 <Pix/new_f07b.ps>

LaTeX Warning: `!h' float specifier changed to `!ht'.

[6] [7]
File: Pix/triang0.ps Graphic file (type eps)
 <Pix/triang0.ps>
File: Pix/triang1.ps Graphic file (type eps)
 <Pix/triang1.ps>
File: Pix/triang2.ps Graphic file (type eps)
 <Pix/triang2.ps>
File: Pix/triang3.ps Graphic file (type eps)
 <Pix/triang3.ps>
File: Pix/triang4.ps Graphic file (type eps)

<Pix/triang4.ps>
File: Pix/triang10.ps Graphic file (type eps)
 <Pix/triang10.ps> [8]
File: Pix/frac-dims.ps Graphic file (type eps)
 <Pix/frac-dims.ps> [9]
File: Pix/loop0.ps Graphic file (type eps)
 <Pix/loop0.ps>
File: Pix/loop.ps Graphic file (type eps)

<Pix/loop.ps> [10]
File: Pix/bnd.ps Graphic file (type eps)
 <Pix/bnd.ps>
File: Pix/ccstart.ps Graphic file (type eps)
 <Pix/ccstart.ps>
File: Pix/cc.ps Graphic file (type eps)
 <Pix/cc.ps>

LaTeX Warning: `!h' float specifier changed to `!ht'.

[11] [12]
Underfull \hbox (badness 3029) in paragraph at lines 473--476
[]\OT1/cmr/m/n/12 Free Soft-ware Foun-da-tion Inc. (59 Tem-ple Place - Suite 33
0,
 []


Underfull \hbox (badness 1152) in paragraph at lines 473--476
\OT1/cmr/m/n/12 Boston, MA 02111-1307, USA): \OT1/cmr/m/it/12 GNU Gen-eral Pub-
lic Li-cense \OT1/cmr/m/n/12 at
 []


Underfull \hbox (badness 2173) in paragraph at lines 477--480
[]\OT1/cmr/m/n/12 David Hilbert: []\OT1/cmr/m/it/12 Uber die stetige Ab-bil-dun
g einer Linie auf ein
 []

[13] [14] (./new_frac.aux) ) 
Here is how much of TeX's memory you used:
 540 strings out of 95087
 6142 string characters out of 1183279
 54097 words of memory out of 1500000
 3746 multiletter control sequences out of 10000+50000
 10149 words of font info for 35 fonts, out of 1200000 for 2000
 28 hyphenation exceptions out of 8191
 23i,8n,26p,413b,290s stack positions out of 5000i,500n,6000p,200000b,5000s

Output written on new_frac.dvi (14 pages, 34536 bytes).
